[INFO  Fri Mar  6 21:31:09 2026] ...zy/mason.nvim/lua/mason-core/installer/InstallRunner.lua:40: Executing installer for Package(name=stylua) {
  debug = false,
  force = false,
  strict = false
}
[INFO  Fri Mar  6 21:31:09 2026] ...zy/mason.nvim/lua/mason-core/installer/InstallRunner.lua:40: Executing installer for Package(name=shfmt) {
  debug = false,
  force = false,
  strict = false
}
[ERROR Fri Mar  6 21:31:10 2026] ...zy/mason.nvim/lua/mason-core/installer/InstallRunner.lua:93: Installation failed for Package(name=stylua) error="The current platform is unsupported."
[INFO  Fri Mar  6 21:31:15 2026] ...zy/mason.nvim/lua/mason-core/installer/InstallRunner.lua:86: Installation succeeded for Package(name=shfmt)
[INFO  Fri Mar  6 21:51:25 2026] ...zy/mason.nvim/lua/mason-core/installer/InstallRunner.lua:40: Executing installer for Package(name=stylua) {
  debug = false,
  force = false,
  strict = false
}
[INFO  Fri Mar  6 21:51:25 2026] ...zy/mason.nvim/lua/mason-core/installer/InstallRunner.lua:40: Executing installer for Package(name=lua-language-server) {
  debug = false,
  force = false,
  strict = false
}
[ERROR Fri Mar  6 21:51:25 2026] ...zy/mason.nvim/lua/mason-core/installer/InstallRunner.lua:93: Installation failed for Package(name=stylua) error="The current platform is unsupported."
[ERROR Fri Mar  6 21:51:25 2026] ...zy/mason.nvim/lua/mason-core/installer/InstallRunner.lua:93: Installation failed for Package(name=lua-language-server) error="The current platform is unsupported."
[INFO  Fri Mar  6 21:51:48 2026] ...zy/mason.nvim/lua/mason-core/installer/InstallRunner.lua:40: Executing installer for Package(name=stylua) {
  debug = false,
  force = false,
  strict = false
}
[INFO  Fri Mar  6 21:51:48 2026] ...zy/mason.nvim/lua/mason-core/installer/InstallRunner.lua:40: Executing installer for Package(name=lua-language-server) {
  debug = false,
  force = false,
  strict = false
}
[ERROR Fri Mar  6 21:51:48 2026] ...zy/mason.nvim/lua/mason-core/installer/InstallRunner.lua:93: Installation failed for Package(name=stylua) error="The current platform is unsupported."
[ERROR Fri Mar  6 21:51:48 2026] ...zy/mason.nvim/lua/mason-core/installer/InstallRunner.lua:93: Installation failed for Package(name=lua-language-server) error="The current platform is unsupported."
[INFO  Fri Mar  6 22:09:19 2026] ...zy/mason.nvim/lua/mason-core/installer/InstallRunner.lua:40: Executing installer for Package(name=stylua) {
  debug = false,
  force = false,
  strict = false
}
[INFO  Fri Mar  6 22:09:19 2026] ...zy/mason.nvim/lua/mason-core/installer/InstallRunner.lua:40: Executing installer for Package(name=lua-language-server) {
  debug = false,
  force = false,
  strict = false
}
[ERROR Fri Mar  6 22:09:19 2026] ...zy/mason.nvim/lua/mason-core/installer/InstallRunner.lua:93: Installation failed for Package(name=stylua) error="The current platform is unsupported."
[ERROR Fri Mar  6 22:09:19 2026] ...zy/mason.nvim/lua/mason-core/installer/InstallRunner.lua:93: Installation failed for Package(name=lua-language-server) error="The current platform is unsupported."
[INFO  Fri Mar  6 22:12:29 2026] ...zy/mason.nvim/lua/mason-core/installer/InstallRunner.lua:40: Executing installer for Package(name=stylua) {
  debug = false,
  force = false,
  strict = false
}
[INFO  Fri Mar  6 22:12:30 2026] ...zy/mason.nvim/lua/mason-core/installer/InstallRunner.lua:40: Executing installer for Package(name=lua-language-server) {
  debug = false,
  force = false,
  strict = false
}
[ERROR Fri Mar  6 22:12:30 2026] ...zy/mason.nvim/lua/mason-core/installer/InstallRunner.lua:93: Installation failed for Package(name=stylua) error="The current platform is unsupported."
[ERROR Fri Mar  6 22:12:30 2026] ...zy/mason.nvim/lua/mason-core/installer/InstallRunner.lua:93: Installation failed for Package(name=lua-language-server) error="The current platform is unsupported."
[INFO  Fri Mar  6 22:21:09 2026] ...zy/mason.nvim/lua/mason-core/installer/InstallRunner.lua:40: Executing installer for Package(name=stylua) {
  debug = false,
  force = false,
  strict = false
}
[INFO  Fri Mar  6 22:21:10 2026] ...zy/mason.nvim/lua/mason-core/installer/InstallRunner.lua:40: Executing installer for Package(name=lua-language-server) {
  debug = false,
  force = false,
  strict = false
}
[ERROR Fri Mar  6 22:21:10 2026] ...zy/mason.nvim/lua/mason-core/installer/InstallRunner.lua:93: Installation failed for Package(name=stylua) error="The current platform is unsupported."
[ERROR Fri Mar  6 22:21:10 2026] ...zy/mason.nvim/lua/mason-core/installer/InstallRunner.lua:93: Installation failed for Package(name=lua-language-server) error="The current platform is unsupported."
[INFO  Fri Mar  6 22:23:30 2026] ...zy/mason.nvim/lua/mason-core/installer/InstallRunner.lua:40: Executing installer for Package(name=stylua) {
  debug = false,
  force = false,
  strict = false
}
[INFO  Fri Mar  6 22:23:31 2026] ...zy/mason.nvim/lua/mason-core/installer/InstallRunner.lua:40: Executing installer for Package(name=lua-language-server) {
  debug = false,
  force = false,
  strict = false
}
[ERROR Fri Mar  6 22:23:31 2026] ...zy/mason.nvim/lua/mason-core/installer/InstallRunner.lua:93: Installation failed for Package(name=stylua) error="The current platform is unsupported."
[ERROR Fri Mar  6 22:23:31 2026] ...zy/mason.nvim/lua/mason-core/installer/InstallRunner.lua:93: Installation failed for Package(name=lua-language-server) error="The current platform is unsupported."
[INFO  Fri Mar  6 22:24:43 2026] ...zy/mason.nvim/lua/mason-core/installer/InstallRunner.lua:40: Executing installer for Package(name=stylua) {
  debug = false,
  force = false,
  strict = false
}
[INFO  Fri Mar  6 22:24:44 2026] ...zy/mason.nvim/lua/mason-core/installer/InstallRunner.lua:40: Executing installer for Package(name=lua-language-server) {
  debug = false,
  force = false,
  strict = false
}
[ERROR Fri Mar  6 22:24:44 2026] ...zy/mason.nvim/lua/mason-core/installer/InstallRunner.lua:93: Installation failed for Package(name=stylua) error="The current platform is unsupported."
[ERROR Fri Mar  6 22:24:44 2026] ...zy/mason.nvim/lua/mason-core/installer/InstallRunner.lua:93: Installation failed for Package(name=lua-language-server) error="The current platform is unsupported."
[INFO  Fri Mar  6 22:25:45 2026] ...zy/mason.nvim/lua/mason-core/installer/InstallRunner.lua:40: Executing installer for Package(name=stylua) {
  debug = false,
  force = false,
  strict = false
}
[INFO  Fri Mar  6 22:25:45 2026] ...zy/mason.nvim/lua/mason-core/installer/InstallRunner.lua:40: Executing installer for Package(name=lua-language-server) {
  debug = false,
  force = false,
  strict = false
}
[ERROR Fri Mar  6 22:25:45 2026] ...zy/mason.nvim/lua/mason-core/installer/InstallRunner.lua:93: Installation failed for Package(name=stylua) error="The current platform is unsupported."
[ERROR Fri Mar  6 22:25:45 2026] ...zy/mason.nvim/lua/mason-core/installer/InstallRunner.lua:93: Installation failed for Package(name=lua-language-server) error="The current platform is unsupported."
[INFO  Fri Mar  6 22:26:34 2026] ...zy/mason.nvim/lua/mason-core/installer/InstallRunner.lua:40: Executing installer for Package(name=stylua) {
  debug = false,
  force = false,
  strict = false
}
[INFO  Fri Mar  6 22:26:34 2026] ...zy/mason.nvim/lua/mason-core/installer/InstallRunner.lua:40: Executing installer for Package(name=lua-language-server) {
  debug = false,
  force = false,
  strict = false
}
[ERROR Fri Mar  6 22:26:35 2026] ...zy/mason.nvim/lua/mason-core/installer/InstallRunner.lua:93: Installation failed for Package(name=stylua) error="The current platform is unsupported."
[ERROR Fri Mar  6 22:26:35 2026] ...zy/mason.nvim/lua/mason-core/installer/InstallRunner.lua:93: Installation failed for Package(name=lua-language-server) error="The current platform is unsupported."
[INFO  Fri Mar  6 22:27:38 2026] ...zy/mason.nvim/lua/mason-core/installer/InstallRunner.lua:40: Executing installer for Package(name=stylua) {
  debug = false,
  force = false,
  strict = false
}
[INFO  Fri Mar  6 22:27:39 2026] ...zy/mason.nvim/lua/mason-core/installer/InstallRunner.lua:40: Executing installer for Package(name=lua-language-server) {
  debug = false,
  force = false,
  strict = false
}
[ERROR Fri Mar  6 22:27:39 2026] ...zy/mason.nvim/lua/mason-core/installer/InstallRunner.lua:93: Installation failed for Package(name=stylua) error="The current platform is unsupported."
[ERROR Fri Mar  6 22:27:39 2026] ...zy/mason.nvim/lua/mason-core/installer/InstallRunner.lua:93: Installation failed for Package(name=lua-language-server) error="The current platform is unsupported."
[INFO  Fri Mar  6 22:29:39 2026] ...zy/mason.nvim/lua/mason-core/installer/InstallRunner.lua:40: Executing installer for Package(name=stylua) {
  debug = false,
  force = false,
  strict = false
}
[INFO  Fri Mar  6 22:29:39 2026] ...zy/mason.nvim/lua/mason-core/installer/InstallRunner.lua:40: Executing installer for Package(name=lua-language-server) {
  debug = false,
  force = false,
  strict = false
}
[ERROR Fri Mar  6 22:29:39 2026] ...zy/mason.nvim/lua/mason-core/installer/InstallRunner.lua:93: Installation failed for Package(name=stylua) error="The current platform is unsupported."
[ERROR Fri Mar  6 22:29:39 2026] ...zy/mason.nvim/lua/mason-core/installer/InstallRunner.lua:93: Installation failed for Package(name=lua-language-server) error="The current platform is unsupported."
[INFO  Fri Mar  6 22:34:18 2026] ...zy/mason.nvim/lua/mason-core/installer/InstallRunner.lua:40: Executing installer for Package(name=stylua) {
  debug = false,
  force = false,
  strict = false
}
[INFO  Fri Mar  6 22:34:18 2026] ...zy/mason.nvim/lua/mason-core/installer/InstallRunner.lua:40: Executing installer for Package(name=lua-language-server) {
  debug = false,
  force = false,
  strict = false
}
[ERROR Fri Mar  6 22:34:18 2026] ...zy/mason.nvim/lua/mason-core/installer/InstallRunner.lua:93: Installation failed for Package(name=stylua) error="The current platform is unsupported."
[ERROR Fri Mar  6 22:34:18 2026] ...zy/mason.nvim/lua/mason-core/installer/InstallRunner.lua:93: Installation failed for Package(name=lua-language-server) error="The current platform is unsupported."
[INFO  Fri Mar  6 22:55:06 2026] ...zy/mason.nvim/lua/mason-core/installer/InstallRunner.lua:40: Executing installer for Package(name=stylua) {
  debug = false,
  force = false,
  strict = false
}
[INFO  Fri Mar  6 22:55:07 2026] ...zy/mason.nvim/lua/mason-core/installer/InstallRunner.lua:40: Executing installer for Package(name=lua-language-server) {
  debug = false,
  force = false,
  strict = false
}
[ERROR Fri Mar  6 22:55:07 2026] ...zy/mason.nvim/lua/mason-core/installer/InstallRunner.lua:93: Installation failed for Package(name=stylua) error="The current platform is unsupported."
[ERROR Fri Mar  6 22:55:07 2026] ...zy/mason.nvim/lua/mason-core/installer/InstallRunner.lua:93: Installation failed for Package(name=lua-language-server) error="The current platform is unsupported."
[INFO  Fri Mar  6 23:12:42 2026] ...zy/mason.nvim/lua/mason-core/installer/InstallRunner.lua:40: Executing installer for Package(name=stylua) {
  debug = false,
  force = false,
  strict = false
}
[INFO  Fri Mar  6 23:12:42 2026] ...zy/mason.nvim/lua/mason-core/installer/InstallRunner.lua:40: Executing installer for Package(name=lua-language-server) {
  debug = false,
  force = false,
  strict = false
}
[ERROR Fri Mar  6 23:12:42 2026] ...zy/mason.nvim/lua/mason-core/installer/InstallRunner.lua:93: Installation failed for Package(name=stylua) error="The current platform is unsupported."
[ERROR Fri Mar  6 23:12:42 2026] ...zy/mason.nvim/lua/mason-core/installer/InstallRunner.lua:93: Installation failed for Package(name=lua-language-server) error="The current platform is unsupported."
[INFO  Fri Mar  6 23:12:56 2026] ...zy/mason.nvim/lua/mason-core/installer/InstallRunner.lua:40: Executing installer for Package(name=stylua) {
  debug = false,
  force = false,
  strict = false
}
[INFO  Fri Mar  6 23:12:56 2026] ...zy/mason.nvim/lua/mason-core/installer/InstallRunner.lua:40: Executing installer for Package(name=lua-language-server) {
  debug = false,
  force = false,
  strict = false
}
[ERROR Fri Mar  6 23:12:56 2026] ...zy/mason.nvim/lua/mason-core/installer/InstallRunner.lua:93: Installation failed for Package(name=stylua) error="The current platform is unsupported."
[ERROR Fri Mar  6 23:12:56 2026] ...zy/mason.nvim/lua/mason-core/installer/InstallRunner.lua:93: Installation failed for Package(name=lua-language-server) error="The current platform is unsupported."
[INFO  Fri Mar  6 23:23:33 2026] ...zy/mason.nvim/lua/mason-core/installer/InstallRunner.lua:40: Executing installer for Package(name=stylua) {
  debug = false,
  force = false,
  strict = false
}
[INFO  Fri Mar  6 23:23:33 2026] ...zy/mason.nvim/lua/mason-core/installer/InstallRunner.lua:40: Executing installer for Package(name=lua-language-server) {
  debug = false,
  force = false,
  strict = false
}
[ERROR Fri Mar  6 23:23:34 2026] ...zy/mason.nvim/lua/mason-core/installer/InstallRunner.lua:93: Installation failed for Package(name=stylua) error="The current platform is unsupported."
[ERROR Fri Mar  6 23:23:34 2026] ...zy/mason.nvim/lua/mason-core/installer/InstallRunner.lua:93: Installation failed for Package(name=lua-language-server) error="The current platform is unsupported."
[INFO  Fri Mar  6 23:23:44 2026] ...zy/mason.nvim/lua/mason-core/installer/InstallRunner.lua:40: Executing installer for Package(name=stylua) {
  debug = false,
  force = false,
  strict = false
}
[INFO  Fri Mar  6 23:23:45 2026] ...zy/mason.nvim/lua/mason-core/installer/InstallRunner.lua:40: Executing installer for Package(name=lua-language-server) {
  debug = false,
  force = false,
  strict = false
}
[ERROR Fri Mar  6 23:23:45 2026] ...zy/mason.nvim/lua/mason-core/installer/InstallRunner.lua:93: Installation failed for Package(name=stylua) error="The current platform is unsupported."
[ERROR Fri Mar  6 23:23:45 2026] ...zy/mason.nvim/lua/mason-core/installer/InstallRunner.lua:93: Installation failed for Package(name=lua-language-server) error="The current platform is unsupported."
[INFO  Fri Mar  6 23:24:04 2026] ...zy/mason.nvim/lua/mason-core/installer/InstallRunner.lua:40: Executing installer for Package(name=stylua) {
  debug = false,
  force = false,
  strict = false
}
[INFO  Fri Mar  6 23:24:04 2026] ...zy/mason.nvim/lua/mason-core/installer/InstallRunner.lua:40: Executing installer for Package(name=lua-language-server) {
  debug = false,
  force = false,
  strict = false
}
[ERROR Fri Mar  6 23:24:04 2026] ...zy/mason.nvim/lua/mason-core/installer/InstallRunner.lua:93: Installation failed for Package(name=stylua) error="The current platform is unsupported."
[ERROR Fri Mar  6 23:24:04 2026] ...zy/mason.nvim/lua/mason-core/installer/InstallRunner.lua:93: Installation failed for Package(name=lua-language-server) error="The current platform is unsupported."
[INFO  Fri Mar  6 23:29:52 2026] ...zy/mason.nvim/lua/mason-core/installer/InstallRunner.lua:40: Executing installer for Package(name=stylua) {
  debug = false,
  force = false,
  strict = false
}
[INFO  Fri Mar  6 23:29:53 2026] ...zy/mason.nvim/lua/mason-core/installer/InstallRunner.lua:40: Executing installer for Package(name=lua-language-server) {
  debug = false,
  force = false,
  strict = false
}
[ERROR Fri Mar  6 23:29:53 2026] ...zy/mason.nvim/lua/mason-core/installer/InstallRunner.lua:93: Installation failed for Package(name=stylua) error="The current platform is unsupported."
[ERROR Fri Mar  6 23:29:53 2026] ...zy/mason.nvim/lua/mason-core/installer/InstallRunner.lua:93: Installation failed for Package(name=lua-language-server) error="The current platform is unsupported."
[INFO  Fri Mar  6 23:30:09 2026] ...zy/mason.nvim/lua/mason-core/installer/InstallRunner.lua:40: Executing installer for Package(name=stylua) {
  debug = false,
  force = false,
  strict = false
}
[INFO  Fri Mar  6 23:30:09 2026] ...zy/mason.nvim/lua/mason-core/installer/InstallRunner.lua:40: Executing installer for Package(name=lua-language-server) {
  debug = false,
  force = false,
  strict = false
}
[ERROR Fri Mar  6 23:30:09 2026] ...zy/mason.nvim/lua/mason-core/installer/InstallRunner.lua:93: Installation failed for Package(name=stylua) error="The current platform is unsupported."
[ERROR Fri Mar  6 23:30:10 2026] ...zy/mason.nvim/lua/mason-core/installer/InstallRunner.lua:93: Installation failed for Package(name=lua-language-server) error="The current platform is unsupported."
[INFO  Fri Mar  6 23:30:57 2026] ...zy/mason.nvim/lua/mason-core/installer/InstallRunner.lua:40: Executing installer for Package(name=stylua) {
  debug = false,
  force = false,
  strict = false
}
[INFO  Fri Mar  6 23:30:57 2026] ...zy/mason.nvim/lua/mason-core/installer/InstallRunner.lua:40: Executing installer for Package(name=lua-language-server) {
  debug = false,
  force = false,
  strict = false
}
[ERROR Fri Mar  6 23:30:57 2026] ...zy/mason.nvim/lua/mason-core/installer/InstallRunner.lua:93: Installation failed for Package(name=stylua) error="The current platform is unsupported."
[ERROR Fri Mar  6 23:30:57 2026] ...zy/mason.nvim/lua/mason-core/installer/InstallRunner.lua:93: Installation failed for Package(name=lua-language-server) error="The current platform is unsupported."
[INFO  Fri Mar  6 23:31:43 2026] ...zy/mason.nvim/lua/mason-core/installer/InstallRunner.lua:40: Executing installer for Package(name=stylua) {
  debug = false,
  force = false,
  strict = false
}
[INFO  Fri Mar  6 23:31:43 2026] ...zy/mason.nvim/lua/mason-core/installer/InstallRunner.lua:40: Executing installer for Package(name=lua-language-server) {
  debug = false,
  force = false,
  strict = false
}
[ERROR Fri Mar  6 23:31:43 2026] ...zy/mason.nvim/lua/mason-core/installer/InstallRunner.lua:93: Installation failed for Package(name=stylua) error="The current platform is unsupported."
[ERROR Fri Mar  6 23:31:43 2026] ...zy/mason.nvim/lua/mason-core/installer/InstallRunner.lua:93: Installation failed for Package(name=lua-language-server) error="The current platform is unsupported."
[INFO  Fri Mar  6 23:32:47 2026] ...zy/mason.nvim/lua/mason-core/installer/InstallRunner.lua:40: Executing installer for Package(name=stylua) {
  debug = false,
  force = false,
  strict = false
}
[INFO  Fri Mar  6 23:32:47 2026] ...zy/mason.nvim/lua/mason-core/installer/InstallRunner.lua:40: Executing installer for Package(name=lua-language-server) {
  debug = false,
  force = false,
  strict = false
}
[ERROR Fri Mar  6 23:32:47 2026] ...zy/mason.nvim/lua/mason-core/installer/InstallRunner.lua:93: Installation failed for Package(name=stylua) error="The current platform is unsupported."
[ERROR Fri Mar  6 23:32:47 2026] ...zy/mason.nvim/lua/mason-core/installer/InstallRunner.lua:93: Installation failed for Package(name=lua-language-server) error="The current platform is unsupported."
[INFO  Fri Mar  6 23:33:51 2026] ...zy/mason.nvim/lua/mason-core/installer/InstallRunner.lua:40: Executing installer for Package(name=stylua) {
  debug = false,
  force = false,
  strict = false
}
[INFO  Fri Mar  6 23:33:52 2026] ...zy/mason.nvim/lua/mason-core/installer/InstallRunner.lua:40: Executing installer for Package(name=lua-language-server) {
  debug = false,
  force = false,
  strict = false
}
[ERROR Fri Mar  6 23:33:52 2026] ...zy/mason.nvim/lua/mason-core/installer/InstallRunner.lua:93: Installation failed for Package(name=stylua) error="The current platform is unsupported."
[ERROR Fri Mar  6 23:33:52 2026] ...zy/mason.nvim/lua/mason-core/installer/InstallRunner.lua:93: Installation failed for Package(name=lua-language-server) error="The current platform is unsupported."
[INFO  Fri Mar  6 23:35:41 2026] ...zy/mason.nvim/lua/mason-core/installer/InstallRunner.lua:40: Executing installer for Package(name=stylua) {
  debug = false,
  force = false,
  strict = false
}
[INFO  Fri Mar  6 23:35:41 2026] ...zy/mason.nvim/lua/mason-core/installer/InstallRunner.lua:40: Executing installer for Package(name=lua-language-server) {
  debug = false,
  force = false,
  strict = false
}
[ERROR Fri Mar  6 23:35:42 2026] ...zy/mason.nvim/lua/mason-core/installer/InstallRunner.lua:93: Installation failed for Package(name=stylua) error="The current platform is unsupported."
[ERROR Fri Mar  6 23:35:42 2026] ...zy/mason.nvim/lua/mason-core/installer/InstallRunner.lua:93: Installation failed for Package(name=lua-language-server) error="The current platform is unsupported."
[INFO  Fri Mar  6 23:38:09 2026] ...zy/mason.nvim/lua/mason-core/installer/InstallRunner.lua:40: Executing installer for Package(name=stylua) {
  debug = false,
  force = false,
  strict = false
}
[INFO  Fri Mar  6 23:38:10 2026] ...zy/mason.nvim/lua/mason-core/installer/InstallRunner.lua:40: Executing installer for Package(name=lua-language-server) {
  debug = false,
  force = false,
  strict = false
}
[ERROR Fri Mar  6 23:38:10 2026] ...zy/mason.nvim/lua/mason-core/installer/InstallRunner.lua:93: Installation failed for Package(name=stylua) error="The current platform is unsupported."
[ERROR Fri Mar  6 23:38:10 2026] ...zy/mason.nvim/lua/mason-core/installer/InstallRunner.lua:93: Installation failed for Package(name=lua-language-server) error="The current platform is unsupported."
[INFO  Fri Mar  6 23:40:27 2026] ...zy/mason.nvim/lua/mason-core/installer/InstallRunner.lua:40: Executing installer for Package(name=stylua) {
  debug = false,
  force = false,
  strict = false
}
[INFO  Fri Mar  6 23:40:27 2026] ...zy/mason.nvim/lua/mason-core/installer/InstallRunner.lua:40: Executing installer for Package(name=lua-language-server) {
  debug = false,
  force = false,
  strict = false
}
[ERROR Fri Mar  6 23:40:28 2026] ...zy/mason.nvim/lua/mason-core/installer/InstallRunner.lua:93: Installation failed for Package(name=stylua) error="The current platform is unsupported."
[ERROR Fri Mar  6 23:40:28 2026] ...zy/mason.nvim/lua/mason-core/installer/InstallRunner.lua:93: Installation failed for Package(name=lua-language-server) error="The current platform is unsupported."
[INFO  Fri Mar  6 23:40:40 2026] ...zy/mason.nvim/lua/mason-core/installer/InstallRunner.lua:40: Executing installer for Package(name=stylua) {
  debug = false,
  force = false,
  strict = false
}
[INFO  Fri Mar  6 23:40:40 2026] ...zy/mason.nvim/lua/mason-core/installer/InstallRunner.lua:40: Executing installer for Package(name=lua-language-server) {
  debug = false,
  force = false,
  strict = false
}
[ERROR Fri Mar  6 23:40:40 2026] ...zy/mason.nvim/lua/mason-core/installer/InstallRunner.lua:93: Installation failed for Package(name=stylua) error="The current platform is unsupported."
[ERROR Fri Mar  6 23:40:40 2026] ...zy/mason.nvim/lua/mason-core/installer/InstallRunner.lua:93: Installation failed for Package(name=lua-language-server) error="The current platform is unsupported."
[INFO  Fri Mar  6 23:41:21 2026] ...zy/mason.nvim/lua/mason-core/installer/InstallRunner.lua:40: Executing installer for Package(name=stylua) {
  debug = false,
  force = false,
  strict = false
}
[INFO  Fri Mar  6 23:41:21 2026] ...zy/mason.nvim/lua/mason-core/installer/InstallRunner.lua:40: Executing installer for Package(name=lua-language-server) {
  debug = false,
  force = false,
  strict = false
}
[ERROR Fri Mar  6 23:41:21 2026] ...zy/mason.nvim/lua/mason-core/installer/InstallRunner.lua:93: Installation failed for Package(name=stylua) error="The current platform is unsupported."
[ERROR Fri Mar  6 23:41:21 2026] ...zy/mason.nvim/lua/mason-core/installer/InstallRunner.lua:93: Installation failed for Package(name=lua-language-server) error="The current platform is unsupported."
[INFO  Fri Mar  6 23:42:03 2026] ...zy/mason.nvim/lua/mason-core/installer/InstallRunner.lua:40: Executing installer for Package(name=stylua) {
  debug = false,
  force = false,
  strict = false
}
[INFO  Fri Mar  6 23:42:03 2026] ...zy/mason.nvim/lua/mason-core/installer/InstallRunner.lua:40: Executing installer for Package(name=lua-language-server) {
  debug = false,
  force = false,
  strict = false
}
[ERROR Fri Mar  6 23:42:03 2026] ...zy/mason.nvim/lua/mason-core/installer/InstallRunner.lua:93: Installation failed for Package(name=stylua) error="The current platform is unsupported."
[ERROR Fri Mar  6 23:42:03 2026] ...zy/mason.nvim/lua/mason-core/installer/InstallRunner.lua:93: Installation failed for Package(name=lua-language-server) error="The current platform is unsupported."
[INFO  Sat Mar  7 00:37:02 2026] ...zy/mason.nvim/lua/mason-core/installer/InstallRunner.lua:40: Executing installer for Package(name=stylua) {
  debug = false,
  force = false,
  strict = false
}
[INFO  Sat Mar  7 00:37:03 2026] ...zy/mason.nvim/lua/mason-core/installer/InstallRunner.lua:40: Executing installer for Package(name=lua-language-server) {
  debug = false,
  force = false,
  strict = false
}
[ERROR Sat Mar  7 00:37:03 2026] ...zy/mason.nvim/lua/mason-core/installer/InstallRunner.lua:93: Installation failed for Package(name=stylua) error="The current platform is unsupported."
[ERROR Sat Mar  7 00:37:03 2026] ...zy/mason.nvim/lua/mason-core/installer/InstallRunner.lua:93: Installation failed for Package(name=lua-language-server) error="The current platform is unsupported."
[INFO  Sat Mar  7 00:37:22 2026] ...zy/mason.nvim/lua/mason-core/installer/InstallRunner.lua:40: Executing installer for Package(name=stylua) {
  debug = false,
  force = false,
  strict = false
}
[INFO  Sat Mar  7 00:37:23 2026] ...zy/mason.nvim/lua/mason-core/installer/InstallRunner.lua:40: Executing installer for Package(name=lua-language-server) {
  debug = false,
  force = false,
  strict = false
}
[ERROR Sat Mar  7 00:37:23 2026] ...zy/mason.nvim/lua/mason-core/installer/InstallRunner.lua:93: Installation failed for Package(name=stylua) error="The current platform is unsupported."
[ERROR Sat Mar  7 00:37:23 2026] ...zy/mason.nvim/lua/mason-core/installer/InstallRunner.lua:93: Installation failed for Package(name=lua-language-server) error="The current platform is unsupported."
[INFO  Sat Mar  7 00:38:02 2026] ...zy/mason.nvim/lua/mason-core/installer/InstallRunner.lua:40: Executing installer for Package(name=stylua) {
  debug = false,
  force = false,
  strict = false
}
[INFO  Sat Mar  7 00:38:02 2026] ...zy/mason.nvim/lua/mason-core/installer/InstallRunner.lua:40: Executing installer for Package(name=lua-language-server) {
  debug = false,
  force = false,
  strict = false
}
[ERROR Sat Mar  7 00:38:02 2026] ...zy/mason.nvim/lua/mason-core/installer/InstallRunner.lua:93: Installation failed for Package(name=stylua) error="The current platform is unsupported."
[ERROR Sat Mar  7 00:38:02 2026] ...zy/mason.nvim/lua/mason-core/installer/InstallRunner.lua:93: Installation failed for Package(name=lua-language-server) error="The current platform is unsupported."
